# JRE version: Java(TM) SE Runtime Environment (8.0_60-b27) (build 1.8.0_60-b27)
# Java VM: Java HotSpot(TM) 64-Bit Server VM (25.60-b23 mixed mode windows-amd64 compressed oops)
Heap:
 PSYoungGen      total 323072K, used 29047K [0x00000000eab00000, 0x0000000100000000, 0x0000000100000000)
  eden space 305152K, 9% used [0x00000000eab00000,0x00000000ec75dd30,0x00000000fd500000)
  from space 17920K, 0% used [0x00000000fee80000,0x00000000fee80000,0x0000000100000000)
  to   space 22016K, 0% used [0x00000000fd500000,0x00000000fd500000,0x00000000fea80000)
 ParOldGen       total 94208K, used 34335K [0x00000000c0000000, 0x00000000c5c00000, 0x00000000eab00000)
  object space 94208K, 36% used [0x00000000c0000000,0x00000000c2187dd0,0x00000000c5c00000)
 Metaspace       used 56390K, capacity 58846K, committed 63528K, reserved 1103872K
  class space    used 7192K, capacity 8078K, committed 9512K, reserved 1048576K
GC Heap History (10 events):
Event: 7096.985 GC heap before
{Heap before GC invocations=29 (full 7):
 PSYoungGen      total 330240K, used 208138K [0x00000000eab00000, 0x0000000100000000, 0x0000000100000000)
  eden space 311296K, 66% used [0x00000000eab00000,0x00000000f7642908,0x00000000fdb00000)
  from space 18944K, 0% used [0x00000000fdb00000,0x00000000fdb00000,0x00000000fed80000)
  to   space 17920K, 0% used [0x00000000fee80000,0x00000000fee80000,0x0000000100000000)
 ParOldGen       total 94208K, used 51296K [0x00000000c0000000, 0x00000000c5c00000, 0x00000000eab00000)
  object space 94208K, 54% used [0x00000000c0000000,0x00000000c3218148,0x00000000c5c00000)
 Metaspace       used 58491K, capacity 63220K, committed 63528K, reserved 1103872K
  class space    used 7913K, capacity 9453K, committed 9512K, reserved 1048576K
Event: 7097.001 GC heap after
Heap after GC invocations=29 (full 7):
 PSYoungGen      total 331264K, used 9889K [0x00000000eab00000, 0x0000000100000000, 0x0000000100000000)
  eden space 313344K, 0% used [0x00000000eab00000,0x00000000eab00000,0x00000000fdd00000)
  from space 17920K, 55% used [0x00000000fee80000,0x00000000ff828790,0x0000000100000000)
  to   space 17920K, 0% used [0x00000000fdd00000,0x00000000fdd00000,0x00000000fee80000)
 ParOldGen       total 94208K, used 51304K [0x00000000c0000000, 0x00000000c5c00000, 0x00000000eab00000)
  object space 94208K, 54% used [0x00000000c0000000,0x00000000c321a148,0x00000000c5c00000)
 Metaspace       used 58491K, capacity 63220K, committed 63528K, reserved 1103872K
  class space    used 7913K, capacity 9453K, committed 9512K, reserved 1048576K
}
Event: 7097.001 GC heap before
{Heap before GC invocations=30 (full 8):
 PSYoungGen      total 331264K, used 9889K [0x00000000eab00000, 0x0000000100000000, 0x0000000100000000)
  eden space 313344K, 0% used [0x00000000eab00000,0x00000000eab00000,0x00000000fdd00000)
  from space 17920K, 55% used [0x00000000fee80000,0x00000000ff828790,0x0000000100000000)
  to   space 17920K, 0% used [0x00000000fdd00000,0x00000000fdd00000,0x00000000fee80000)
 ParOldGen       total 94208K, used 51304K [0x00000000c0000000, 0x00000000c5c00000, 0x00000000eab00000)
  object space 94208K, 54% used [0x00000000c0000000,0x00000000c321a148,0x00000000c5c00000)
 Metaspace       used 58491K, capacity 63220K, committed 63528K, reserved 1103872K
  class space    used 7913K, capacity 9453K, committed 9512K, reserved 1048576K
Event: 7097.261 GC heap after
Heap after GC invocations=30 (full 8):
 PSYoungGen      total 331264K, used 0K [0x00000000eab00000, 0x0000000100000000, 0x0000000100000000)
  eden space 313344K, 0% used [0x00000000eab00000,0x00000000eab00000,0x00000000fdd00000)
  from space 17920K, 0% used [0x00000000fee80000,0x00000000fee80000,0x0000000100000000)
  to   space 17920K, 0% used [0x00000000fdd00000,0x00000000fdd00000,0x00000000fee80000)
 ParOldGen       total 94208K, used 32756K [0x00000000c0000000, 0x00000000c5c00000, 0x00000000eab00000)
  object space 94208K, 34% used [0x00000000c0000000,0x00000000c1ffd368,0x00000000c5c00000)
 Metaspace       used 55766K, capacity 57894K, committed 63528K, reserved 1103872K
  class space    used 7143K, capacity 7901K, committed 9512K, reserved 1048576K
}
Event: 7105.230 GC heap before
{Heap before GC invocations=31 (full 8):
 PSYoungGen      total 331264K, used 313344K [0x00000000eab00000, 0x0000000100000000, 0x0000000100000000)
  eden space 313344K, 100% used [0x00000000eab00000,0x00000000fdd00000,0x00000000fdd00000)
  from space 17920K, 0% used [0x00000000fee80000,0x00000000fee80000,0x0000000100000000)
  to   space 17920K, 0% used [0x00000000fdd00000,0x00000000fdd00000,0x00000000fee80000)
 ParOldGen       total 94208K, used 32756K [0x00000000c0000000, 0x00000000c5c00000, 0x00000000eab00000)
  object space 94208K, 34% used [0x00000000c0000000,0x00000000c1ffd368,0x00000000c5c00000)
 Metaspace       used 56803K, capacity 59830K, committed 63528K, reserved 1103872K
  class space    used 7469K, capacity 8564K, committed 9512K, reserved 1048576K
Event: 7105.655 GC heap after
Heap after GC invocations=31 (full 8):
 PSYoungGen      total 331264K, used 17897K [0x00000000eab00000, 0x0000000100000000, 0x0000000100000000)
  eden space 313344K, 0% used [0x00000000eab00000,0x00000000eab00000,0x00000000fdd00000)
  from space 17920K, 99% used [0x00000000fdd00000,0x00000000fee7a7c8,0x00000000fee80000)
  to   space 17920K, 0% used [0x00000000fee80000,0x00000000fee80000,0x0000000100000000)
 ParOldGen       total 94208K, used 36470K [0x00000000c0000000, 0x00000000c5c00000, 0x00000000eab00000)
  object space 94208K, 38% used [0x00000000c0000000,0x00000000c239da50,0x00000000c5c00000)
 Metaspace       used 56803K, capacity 59830K, committed 63528K, reserved 1103872K
  class space    used 7469K, capacity 8564K, committed 9512K, reserved 1048576K
}
Event: 10462.304 GC heap before
{Heap before GC invocations=32 (full 8):
 PSYoungGen      total 331264K, used 177955K [0x00000000eab00000, 0x0000000100000000, 0x0000000100000000)
  eden space 313344K, 51% used [0x00000000eab00000,0x00000000f474e600,0x00000000fdd00000)
  from space 17920K, 99% used [0x00000000fdd00000,0x00000000fee7a7c8,0x00000000fee80000)
  to   space 17920K, 0% used [0x00000000fee80000,0x00000000fee80000,0x0000000100000000)
 ParOldGen       total 94208K, used 36470K [0x00000000c0000000, 0x00000000c5c00000, 0x00000000eab00000)
  object space 94208K, 38% used [0x00000000c0000000,0x00000000c239da50,0x00000000c5c00000)
 Metaspace       used 57361K, capacity 60942K, committed 63528K, reserved 1103872K
  class space    used 7569K, capacity 8863K, committed 9512K, reserved 1048576K
Event: 10463.007 GC heap after
Heap after GC invocations=32 (full 8):
 PSYoungGen      total 323072K, used 3167K [0x00000000eab00000, 0x0000000100000000, 0x0000000100000000)
  eden space 305152K, 0% used [0x00000000eab00000,0x00000000eab00000,0x00000000fd500000)
  from space 17920K, 17% used [0x00000000fee80000,0x00000000ff197c70,0x0000000100000000)
  to   space 22016K, 0% used [0x00000000fd500000,0x00000000fd500000,0x00000000fea80000)
 ParOldGen       total 94208K, used 52915K [0x00000000c0000000, 0x00000000c5c00000, 0x00000000eab00000)
  object space 94208K, 56% used [0x00000000c0000000,0x00000000c33acc50,0x00000000c5c00000)
 Metaspace       used 57361K, capacity 60942K, committed 63528K, reserved 1103872K
  class space    used 7569K, capacity 8863K, committed 9512K, reserved 1048576K
}
Event: 10463.007 GC heap before
{Heap before GC invocations=33 (full 9):
 PSYoungGen      total 323072K, used 3167K [0x00000000eab00000, 0x0000000100000000, 0x0000000100000000)
  eden space 305152K, 0% used [0x00000000eab00000,0x00000000eab00000,0x00000000fd500000)
  from space 17920K, 17% used [0x00000000fee80000,0x00000000ff197c70,0x0000000100000000)
  to   space 22016K, 0% used [0x00000000fd500000,0x00000000fd500000,0x00000000fea80000)
 ParOldGen       total 94208K, used 52915K [0x00000000c0000000, 0x00000000c5c00000, 0x00000000eab00000)
  object space 94208K, 56% used [0x00000000c0000000,0x00000000c33acc50,0x00000000c5c00000)
 Metaspace       used 57361K, capacity 60942K, committed 63528K, reserved 1103872K
  class space    used 7569K, capacity 8863K, committed 9512K, reserved 1048576K
Event: 10463.409 GC heap after
Heap after GC invocations=33 (full 9):
 PSYoungGen      total 323072K, used 0K [0x00000000eab00000, 0x0000000100000000, 0x0000000100000000)
  eden space 305152K, 0% used [0x00000000eab00000,0x00000000eab00000,0x00000000fd500000)
  from space 17920K, 0% used [0x00000000fee80000,0x00000000fee80000,0x0000000100000000)
  to   space 22016K, 0% used [0x00000000fd500000,0x00000000fd500000,0x00000000fea80000)
 ParOldGen       total 94208K, used 34335K [0x00000000c0000000, 0x00000000c5c00000, 0x00000000eab00000)
  object space 94208K, 36% used [0x00000000c0000000,0x00000000c2187dd0,0x00000000c5c00000)
 Metaspace       used 56192K, capacity 58474K, committed 63528K, reserved 1103872K
  class space    used 7163K, capacity 8001K, committed 9512K, reserved 1048576K
}

